<?xml version="1.0" encoding="UTF-8"?>
<testsuites>
  <testsuite name="GradeTest" file="C:\Users\gliuz\XAMPP\htdocs\Sprint1\S107\ejercicio2\tests\GradeTest.php" tests="2" assertions="12" errors="0" failures="0" skipped="0" time="0.003465">
    <testcase name="testClasificadorDeNotas" file="C:\Users\gliuz\XAMPP\htdocs\Sprint1\S107\ejercicio2\tests\GradeTest.php" line="8" class="GradeTest" classname="GradeTest" assertions="6" time="0.003300"/>
    <testcase name="testConversorDeNotas" file="C:\Users\gliuz\XAMPP\htdocs\Sprint1\S107\ejercicio2\tests\GradeTest.php" line="29" class="GradeTest" classname="GradeTest" assertions="6" time="0.000165"/>
  </testsuite>
</testsuites>
