<?xml version="1.0" encoding="UTF-8"?>
<testsuites>
  <testsuite name="GradeEvaluatorTest" file="C:\Users\gliuz\XAMPP\htdocs\Sprint1\S107\ejercicio2\tests\GradeEvaluatorTest.php" tests="5" assertions="0" errors="5" failures="0" skipped="0" time="0.069673">
    <testcase name="testIsPrimeraDivision" file="C:\Users\gliuz\XAMPP\htdocs\Sprint1\S107\ejercicio2\tests\GradeEvaluatorTest.php" line="7" class="GradeEvaluatorTest" classname="GradeEvaluatorTest" assertions="0" time="0.061224">
      <error type="Error">GradeEvaluatorTest::testIsPrimeraDivision&#13;
Error: Class "App\GradeEvaluator" not found
&#13;
C:\Users\gliuz\XAMPP\htdocs\Sprint1\S107\ejercicio2\tests\GradeEvaluatorTest.php:8
C:\Users\gliuz\XAMPP\htdocs\Sprint1\S107\ejercicio2\vendor\phpunit\phpunit\phpunit:104</error>
    </testcase>
    <testcase name="testIsSegundaDivision" file="C:\Users\gliuz\XAMPP\htdocs\Sprint1\S107\ejercicio2\tests\GradeEvaluatorTest.php" line="18" class="GradeEvaluatorTest" classname="GradeEvaluatorTest" assertions="0" time="0.002180">
      <error type="Error">GradeEvaluatorTest::testIsSegundaDivision&#13;
Error: Class "App\GradeEvaluator" not found
&#13;
C:\Users\gliuz\XAMPP\htdocs\Sprint1\S107\ejercicio2\tests\GradeEvaluatorTest.php:19
C:\Users\gliuz\XAMPP\htdocs\Sprint1\S107\ejercicio2\vendor\phpunit\phpunit\phpunit:104</error>
    </testcase>
    <testcase name="testIsTerceraDivision" file="C:\Users\gliuz\XAMPP\htdocs\Sprint1\S107\ejercicio2\tests\GradeEvaluatorTest.php" line="29" class="GradeEvaluatorTest" classname="GradeEvaluatorTest" assertions="0" time="0.002011">
      <error type="Error">GradeEvaluatorTest::testIsTerceraDivision&#13;
Error: Class "App\GradeEvaluator" not found
&#13;
C:\Users\gliuz\XAMPP\htdocs\Sprint1\S107\ejercicio2\tests\GradeEvaluatorTest.php:30
C:\Users\gliuz\XAMPP\htdocs\Sprint1\S107\ejercicio2\vendor\phpunit\phpunit\phpunit:104</error>
    </testcase>
    <testcase name="testIsSuspender" file="C:\Users\gliuz\XAMPP\htdocs\Sprint1\S107\ejercicio2\tests\GradeEvaluatorTest.php" line="41" class="GradeEvaluatorTest" classname="GradeEvaluatorTest" assertions="0" time="0.002179">
      <error type="Error">GradeEvaluatorTest::testIsSuspender&#13;
Error: Class "App\GradeEvaluator" not found
&#13;
C:\Users\gliuz\XAMPP\htdocs\Sprint1\S107\ejercicio2\tests\GradeEvaluatorTest.php:42
C:\Users\gliuz\XAMPP\htdocs\Sprint1\S107\ejercicio2\vendor\phpunit\phpunit\phpunit:104</error>
    </testcase>
    <testcase name="testIsNotaFueraDeRango" file="C:\Users\gliuz\XAMPP\htdocs\Sprint1\S107\ejercicio2\tests\GradeEvaluatorTest.php" line="49" class="GradeEvaluatorTest" classname="GradeEvaluatorTest" assertions="0" time="0.002078">
      <error type="Error">GradeEvaluatorTest::testIsNotaFueraDeRango&#13;
Error: Class "App\GradeEvaluator" not found
&#13;
C:\Users\gliuz\XAMPP\htdocs\Sprint1\S107\ejercicio2\tests\GradeEvaluatorTest.php:50
C:\Users\gliuz\XAMPP\htdocs\Sprint1\S107\ejercicio2\vendor\phpunit\phpunit\phpunit:104</error>
    </testcase>
  </testsuite>
</testsuites>
